<?xml version="1.0" encoding="UTF-8"?>
<!-- Generated by org.testng.reporters.JUnitReportReporter -->
<testsuite hostname="KNVS" failures="0" tests="5" name="CodingPractice18a" time="21.433" errors="0" timestamp="2023-09-22T18:43:20 IST" skipped="0">
  <testcase classname="CodingPractice18a" name="testLoginWithEmptyInputs" time="3.468"/>
  <testcase classname="CodingPractice18a" name="testLoginWithEmptyUserId" time="3.469"/>
  <testcase classname="CodingPractice18a" name="testLoginWithEmptyPin" time="3.501"/>
  <testcase classname="CodingPractice18a" name="testLoginWithInvalidCreds" time="7.525"/>
  <testcase classname="CodingPractice18a" name="testLoginWithValidCreds" time="3.470"/>
</testsuite> <!-- CodingPractice18a -->
