<?xml version="1.0" encoding="UTF-8"?>
<!-- Generated by org.testng.reporters.JUnitReportReporter -->
<testsuite hostname="KNVS" failures="0" tests="2" name="HomePageTest" time="11.034" errors="0" timestamp="2023-09-22T18:43:20 IST" skipped="0">
  <testcase classname="HomePageTest" name="testHomepageHeading" time="7.407"/>
  <testcase classname="HomePageTest" name="testLogoutFunctionality" time="3.627"/>
</testsuite> <!-- HomePageTest -->
